<?xml version="1.0" encoding="utf-8" standalone="no"?>
<!--This file represents the results of running a test suite-->
<test-results name="C:\David\Work\PetProject\Liberty\Liberty.Tests\bin\Debug\Liberty.Tests.dll" total="1" errors="0" failures="0" not-run="0" inconclusive="0" ignored="0" skipped="0" invalid="0" date="2015-07-10" time="11:08:25">
  <environment nunit-version="2.6.4.14350" clr-version="2.0.50727.5485" os-version="Microsoft Windows NT 6.1.7601 Service Pack 1" platform="Win32NT" cwd="C:\David\Work\PetProject\Liberty\packages\NUnit.2.6.4\bin" machine-name="DAVID-PC" user="David" user-domain="David-PC" />
  <culture-info current-culture="fr-FR" current-uiculture="fr-FR" />
  <test-suite type="Assembly" name="C:\David\Work\PetProject\Liberty\Liberty.Tests\bin\Debug\Liberty.Tests.dll" executed="True" result="Success" success="True" time="0.149" asserts="0">
    <results>
      <test-suite type="Namespace" name="Liberty" executed="True" result="Success" success="True" time="0.102" asserts="0">
        <results>
          <test-suite type="Namespace" name="Tests" executed="True" result="Success" success="True" time="0.101" asserts="0">
            <results>
              <test-suite type="TestFixture" name="Class1" executed="True" result="Success" success="True" time="0.095" asserts="0">
                <results>
                  <test-case name="Liberty.Tests.Class1.Should_Do_Something" executed="True" result="Success" success="True" time="0.063" asserts="2" />
                </results>
              </test-suite>
            </results>
          </test-suite>
        </results>
      </test-suite>
    </results>
  </test-suite>
</test-results>